<?xml version="1.0" encoding="UTF-8"?>
<!-- Generated by org.testng.reporters.JUnitXMLReporter -->
<testsuite ignored="3" hostname="L235" failures="0" tests="2" name="Test2" time="37.581" errors="0" timestamp="2026-01-22T10:33:04 IST">
  <testcase classname="testScript.ManageNewsTest" name="verifywhetheruserabletopublishmessage" time="14.74"/>
  <testcase classname="testScript.LoginTest" name="verifytheuserisabletologinthroghvalidcredentials" time="3.308"/>
  <testcase classname="testScript.LoginTest" name="verifytheuserisabletologinthroghvalidusernameandinvalidpwd" time="0.0">
    <ignored/>
  </testcase> <!-- verifytheuserisabletologinthroghvalidusernameandinvalidpwd -->
  <testcase classname="testScript.LoginTest" name="verifytheuserisabletologinthroghinvalidusernameandpwd" time="0.0">
    <ignored/>
  </testcase> <!-- verifytheuserisabletologinthroghinvalidusernameandpwd -->
  <testcase classname="testScript.LoginTest" name="verifytheuserisabletologinthroghinvalidusernameandvalidpwd" time="0.0">
    <ignored/>
  </testcase> <!-- verifytheuserisabletologinthroghinvalidusernameandvalidpwd -->
</testsuite> <!-- Test2 -->
