<?xml version="1.0" encoding="UTF-8"?>
<!-- Generated by org.testng.reporters.JUnitXMLReporter -->
<testsuite ignored="0" hostname="L235" failures="0" tests="10" name="ChromeTest" time="48.033" errors="0" timestamp="2026-02-02T12:12:50 IST">
  <testcase classname="testScript.LoginTestclass" name="verifywhetheruserisabletoenterusingvalidcredentials" time="3.38"/>
  <testcase classname="testScript.LoginTestclass" name="verifyuserabletoenterusinginvalidcredentials" time="0.83"/>
  <testcase classname="testScript.LoginTestclass" name="verifyuserabletoenterusingvalidusernameandinvalidpassword" time="0.695"/>
  <testcase classname="testScript.LoginTestclass" name="verifyuserabletoenterusinginvalidusernameandvalidpassword" time="0.452"/>
  <testcase classname="testScript.ManageCategoryTest" name="verifyuserabletomanagecategorysuccessfully" time="2.146"/>
  <testcase classname="testScript.ManageContactTest" name="verifyusercanupdatecontactinformation" time="2.121"/>
  <testcase classname="testScript.ManageNewsTestclass" name="verifuserabletopublishmessage" time="2.02"/>
  <testcase classname="testScript.ManageNewsTestclass" name="verifylogoutbutton" time="1.451"/>
  <testcase classname="testScript.AdminUsersTest" name="verifyusercancreateadminusers" time="2.12"/>
  <testcase classname="testScript.ManageFooterTest" name="verifyuserabletomanagefoootertext" time="2.628"/>
</testsuite> <!-- ChromeTest -->
