<?xml version="1.0" encoding="UTF-8"?>
<!-- Generated by org.testng.reporters.JUnitXMLReporter -->
<testsuite ignored="0" hostname="L235" failures="1" tests="10" name="FirefoxTest" time="83.685" errors="0" timestamp="2026-02-02T12:14:14 IST">
  <testcase classname="testScript.LoginTestclass" name="verifywhetheruserisabletoenterusingvalidcredentials" time="1.351"/>
  <testcase classname="testScript.LoginTestclass" name="verifyuserabletoenterusinginvalidcredentials" time="0.427"/>
  <testcase classname="testScript.LoginTestclass" name="verifyuserabletoenterusingvalidusernameandinvalidpassword" time="0.895"/>
  <testcase classname="testScript.LoginTestclass" name="verifyuserabletoenterusinginvalidusernameandvalidpassword" time="0.449"/>
  <testcase classname="testScript.ManageCategoryTest" name="verifyuserabletomanagecategorysuccessfully" time="2.522"/>
  <testcase classname="testScript.ManageContactTest" name="verifyusercanupdatecontactinformation" time="3.183"/>
  <testcase classname="testScript.ManageNewsTestclass" name="verifuserabletopublishmessage" time="2.043"/>
  <testcase classname="testScript.ManageNewsTestclass" name="verifylogoutbutton" time="1.338"/>
  <testcase classname="testScript.AdminUsersTest" name="verifyusercancreateadminusers" time="6.873">
    <failure type="org.openqa.selenium.NoSuchElementException" message="Unable to locate element: //div[@class=&amp;apos;alert alert-success alert-dismissible&amp;apos;]//child::h5
For documentation on this error, please visit: https://www.selenium.dev/documentation/webdriver/troubleshooting/errors#nosuchelementexception
Build info: version: &amp;apos;4.38.0&amp;apos;, revision: &amp;apos;6b412e825c*&amp;apos;
System info: os.name: &amp;apos;Windows 11&amp;apos;, os.arch: &amp;apos;amd64&amp;apos;, os.version: &amp;apos;10.0&amp;apos;, java.version: &amp;apos;17.0.4.1&amp;apos;
Driver info: org.openqa.selenium.firefox.FirefoxDriver
Command: [7f82cdab-a2fc-493f-9631-c73aef10b761, findElement {value=//div[@class=&amp;apos;alert alert-success alert-dismissible&amp;apos;]//child::h5, using=xpath}]
Capabilities {acceptInsecureCerts: true, browserName: firefox, browserVersion: 145.0, moz:accessibilityChecks: false, moz:buildID: 20251106194447, moz:geckodriverVersion: 0.36.0, moz:headless: false, moz:platformVersion: 10.0, moz:processID: 20276, moz:profile: C:\Users\Jebin\AppData\Loca..., moz:shutdownTimeout: 60000, moz:webdriverClick: true, moz:windowless: false, pageLoadStrategy: normal, platformName: windows, proxy: Proxy(), setWindowRect: true, strictFileInteractability: false, timeouts: {implicit: 0, pageLoad: 300000, script: 30000}, unhandledPromptBehavior: dismiss and notify, userAgent: Mozilla/5.0 (Windows NT 10....}
Session ID: 7f82cdab-a2fc-493f-9631-c73aef10b761">
      <![CDATA[org.openqa.selenium.NoSuchElementException: Unable to locate element: //div[@class='alert alert-success alert-dismissible']//child::h5
For documentation on this error, please visit: https://www.selenium.dev/documentation/webdriver/troubleshooting/errors#nosuchelementexception
Build info: version: '4.38.0', revision: '6b412e825c*'
System info: os.name: 'Windows 11', os.arch: 'amd64', os.version: '10.0', java.version: '17.0.4.1'
Driver info: org.openqa.selenium.firefox.FirefoxDriver
Command: [7f82cdab-a2fc-493f-9631-c73aef10b761, findElement {value=//div[@class='alert alert-success alert-dismissible']//child::h5, using=xpath}]
Capabilities {acceptInsecureCerts: true, browserName: firefox, browserVersion: 145.0, moz:accessibilityChecks: false, moz:buildID: 20251106194447, moz:geckodriverVersion: 0.36.0, moz:headless: false, moz:platformVersion: 10.0, moz:processID: 20276, moz:profile: C:\Users\Jebin\AppData\Loca..., moz:shutdownTimeout: 60000, moz:webdriverClick: true, moz:windowless: false, pageLoadStrategy: normal, platformName: windows, proxy: Proxy(), setWindowRect: true, strictFileInteractability: false, timeouts: {implicit: 0, pageLoad: 300000, script: 30000}, unhandledPromptBehavior: dismiss and notify, userAgent: Mozilla/5.0 (Windows NT 10....}
Session ID: 7f82cdab-a2fc-493f-9631-c73aef10b761
at org.openqa.selenium.remote.ErrorCodec.decode(ErrorCodec.java:167)
at org.openqa.selenium.remote.codec.w3c.W3CHttpResponseCodec.decode(W3CHttpResponseCodec.java:138)
at org.openqa.selenium.remote.codec.w3c.W3CHttpResponseCodec.decode(W3CHttpResponseCodec.java:50)
at org.openqa.selenium.remote.HttpCommandExecutor.execute(HttpCommandExecutor.java:215)
at org.openqa.selenium.remote.service.DriverCommandExecutor.invokeExecute(DriverCommandExecutor.java:216)
at org.openqa.selenium.remote.service.DriverCommandExecutor.execute(DriverCommandExecutor.java:174)
at org.openqa.selenium.remote.RemoteWebDriver.execute(RemoteWebDriver.java:557)
at org.openqa.selenium.remote.ElementLocation$ElementFinder$2.findElement(ElementLocation.java:165)
at org.openqa.selenium.remote.ElementLocation.findElement(ElementLocation.java:59)
at org.openqa.selenium.remote.RemoteWebDriver.findElement(RemoteWebDriver.java:380)
at org.openqa.selenium.remote.RemoteWebDriver.findElement(RemoteWebDriver.java:374)
at org.openqa.selenium.support.pagefactory.DefaultElementLocator.findElement(DefaultElementLocator.java:68)
at org.openqa.selenium.support.pagefactory.internal.LocatingElementHandler.invoke(LocatingElementHandler.java:38)
at jdk.proxy2/jdk.proxy2.$Proxy13.isDisplayed(Unknown Source)
at pages.AdminUsersPage.isAlertDisplayed(AdminUsersPage.java:56)
at testScript.AdminUsersTest.verifyusercancreateadminusers(AdminUsersTest.java:35)
at java.base/java.util.ArrayList.forEach(ArrayList.java:1511)
... Removed 32 stack frames]]>
    </failure>
  </testcase> <!-- verifyusercancreateadminusers -->
  <testcase classname="testScript.ManageFooterTest" name="verifyuserabletomanagefoootertext" time="2.318"/>
</testsuite> <!-- FirefoxTest -->
