<?xml version="1.0" encoding="UTF-8"?>
<!-- Generated by org.testng.reporters.JUnitReportReporter -->
<testsuite hostname="L235" failures="0" tests="2" name="testclass.ManageFooterTest" time="9.292" errors="0" timestamp="2026-02-01T10:35:42 IST" skipped="0">
  <testcase classname="testclass.ManageFooterTest" name="verifyuserabletomanagefoootertext" time="4.178"/>
  <testcase classname="testclass.ManageFooterTest" name="verifyuserabletomanagefoootertext" time="5.114"/>
</testsuite> <!-- testclass.ManageFooterTest -->
