<?xml version="1.0" encoding="UTF-8"?>
<!-- Generated by org.testng.reporters.JUnitReportReporter -->
<testsuite hostname="L235" failures="0" tests="4" name="testScript.LoginTestclass" time="20.445" errors="0" timestamp="2026-02-03T11:27:40 IST" skipped="0">
  <testcase classname="testScript.LoginTestclass" name="verifywhetheruserisabletoenterusingvalidcredentials" time="5.680"/>
  <testcase classname="testScript.LoginTestclass" name="verifyuserabletoenterusinginvalidcredentials" time="3.951"/>
  <testcase classname="testScript.LoginTestclass" name="verifyuserabletoenterusingvalidusernameandinvalidpassword" time="3.941"/>
  <testcase classname="testScript.LoginTestclass" name="verifyuserabletoenterusinginvalidusernameandvalidpassword" time="6.873"/>
</testsuite> <!-- testScript.LoginTestclass -->
