<?xml version="1.0" encoding="UTF-8"?>
<!-- Generated by org.testng.reporters.JUnitReportReporter -->
<testsuite hostname="L235" failures="0" tests="4" name="testclass.ManageNewsTestclass" time="28.550" errors="0" timestamp="2026-02-01T10:35:42 IST" skipped="0">
  <testcase classname="testclass.ManageNewsTestclass" name="verifuserabletopublishmessage" time="8.835"/>
  <testcase classname="testclass.ManageNewsTestclass" name="verifuserabletopublishmessage" time="7.011"/>
  <testcase classname="testclass.ManageNewsTestclass" name="verifylogoutbutton" time="6.340"/>
  <testcase classname="testclass.ManageNewsTestclass" name="verifylogoutbutton" time="6.364"/>
</testsuite> <!-- testclass.ManageNewsTestclass -->
