<?xml version="1.0" encoding="UTF-8"?>
<!-- Generated by org.testng.reporters.JUnitReportReporter -->
<testsuite hostname="L235" failures="0" tests="2" name="testclass.AdminUsersTest" time="12.650" errors="0" timestamp="2026-02-01T10:35:42 IST" skipped="0">
  <testcase classname="testclass.AdminUsersTest" name="verifyusercancreateadminusers" time="7.705"/>
  <testcase classname="testclass.AdminUsersTest" name="verifyusercancreateadminusers" time="4.945"/>
</testsuite> <!-- testclass.AdminUsersTest -->
