<?xml version="1.0" encoding="UTF-8"?>
<!-- Generated by org.testng.reporters.JUnitReportReporter -->
<testsuite hostname="L235" failures="0" tests="2" name="testclass.ManageContactTest" time="15.878" errors="0" timestamp="2026-02-01T10:35:42 IST" skipped="0">
  <testcase classname="testclass.ManageContactTest" name="verifyusercanupdatecontactinformation" time="7.626"/>
  <testcase classname="testclass.ManageContactTest" name="verifyusercanupdatecontactinformation" time="8.252"/>
</testsuite> <!-- testclass.ManageContactTest -->
