<?xml version="1.0" encoding="UTF-8"?>
<!-- Generated by org.testng.reporters.JUnitXMLReporter -->
<testsuite ignored="0" hostname="L235" failures="1" tests="1" name="Test" time="9.516" errors="0" timestamp="2026-02-06T15:48:39 IST">
  <testcase classname="testScript.ManageContactTest" name="verifyusercanupdatecontactinformation" time="2.608">
    <failure type="java.lang.NullPointerException" message="Cannot invoke &amp;quot;pages.HomePage.clickonmanagecontact()&amp;quot; because &amp;quot;this.home&amp;quot; is null">
      <![CDATA[java.lang.NullPointerException: Cannot invoke "pages.HomePage.clickonmanagecontact()" because "this.home" is null
at testScript.ManageContactTest.verifyusercanupdatecontactinformation(ManageContactTest.java:38)
at java.base/java.util.ArrayList.forEach(ArrayList.java:1511)
... Removed 27 stack frames]]>
    </failure>
  </testcase> <!-- verifyusercanupdatecontactinformation -->
</testsuite> <!-- Test -->
