<?xml version="1.0" encoding="UTF-8"?>
<testng-results ignored="0" total="1" passed="1" failed="0" skipped="0">
  <reporter-output>
  </reporter-output>
  <suite started-at="2026-02-03T15:34:24 IST" name="Suite" finished-at="2026-02-03T15:34:35 IST" duration-ms="11135">
    <groups>
      <group name="Regression">
        <method signature="AdminUsersTest.verifyusercancreateadminusers()[pri:0, instance:testScript.AdminUsersTest@4145bad8]" name="verifyusercancreateadminusers" class="testScript.AdminUsersTest"/>
      </group> <!-- Regression -->
    </groups>
    <test started-at="2026-02-03T15:34:24 IST" name="Test" finished-at="2026-02-03T15:34:35 IST" duration-ms="11135">
      <class name="testScript.AdminUsersTest">
        <test-method is-config="true" signature="browserInitialization(java.lang.String)[pri:0, instance:testScript.AdminUsersTest@4145bad8]" started-at="2026-02-03T15:34:24 IST" name="browserInitialization" finished-at="2026-02-03T15:34:29 IST" duration-ms="4156" status="PASS">
          <params>
            <param index="0">
              <value>
                <![CDATA[chrome]]>
              </value>
            </param>
          </params>
          <reporter-output>
          </reporter-output>
        </test-method> <!-- browserInitialization -->
        <test-method signature="verifyusercancreateadminusers()[pri:0, instance:testScript.AdminUsersTest@4145bad8]" started-at="2026-02-03T15:34:29 IST" name="verifyusercancreateadminusers" finished-at="2026-02-03T15:34:35 IST" duration-ms="6575" status="PASS">
          <reporter-output>
          </reporter-output>
        </test-method> <!-- verifyusercancreateadminusers -->
        <test-method is-config="true" signature="browserQuit(org.testng.ITestResult)[pri:0, instance:testScript.AdminUsersTest@4145bad8]" started-at="2026-02-03T15:34:35 IST" name="browserQuit" finished-at="2026-02-03T15:34:35 IST" duration-ms="344" status="PASS">
          <params>
            <param index="0">
              <value>
                <![CDATA[[TestResult name=verifyusercancreateadminusers status=SUCCESS method=AdminUsersTest.verifyusercancreateadminusers()[pri:0, instance:testScript.AdminUsersTest@4145bad8] output={null}]]]>
              </value>
            </param>
          </params>
          <reporter-output>
          </reporter-output>
        </test-method> <!-- browserQuit -->
      </class> <!-- testScript.AdminUsersTest -->
    </test> <!-- Test -->
  </suite> <!-- Suite -->
</testng-results>
