<?xml version="1.0" encoding="UTF-8"?>
<!-- Generated by org.testng.reporters.JUnitXMLReporter -->
<testsuite ignored="2" hostname="L235" failures="0" tests="8" name="ChromeTest" time="44.9" errors="0" timestamp="2026-02-01T10:26:42 IST">
  <testcase classname="testclass.ManageFooterTest" name="verifyuserabletomanagefoootertext" time="6.017"/>
  <testcase classname="testclass.ManageCategoryTest" name="verifyuserabletomanagecategorysuccessfully" time="4.006"/>
  <testcase classname="testclass.ManageNewsTestclass" name="verifuserabletopublishmessage" time="2.783"/>
  <testcase classname="testclass.LoginTestclass" name="verifywhetheruserisabletoenterusingvalidcredentials" time="2.838"/>
  <testcase classname="testclass.ManageNewsTestclass" name="verifylogoutbutton" time="4.516"/>
  <testcase classname="testclass.LoginTestclass" name="verifyuserabletoenterusinginvalidcredentials" time="1.863"/>
  <testcase classname="testclass.ManageContactTest" name="verifyusercanupdatecontactinformation" time="1.779"/>
  <testcase classname="testclass.AdminUsersTest" name="verifyusercancreateadminusers" time="2.309"/>
  <testcase classname="testclass.LoginTestclass" name="verifyuserabletoenterusinginvalidusernameandvalidpassword" time="0.0">
    <ignored/>
  </testcase> <!-- verifyuserabletoenterusinginvalidusernameandvalidpassword -->
  <testcase classname="testclass.LoginTestclass" name="verifyuserabletoenterusingvalidusernameandinvalidpassword" time="0.0">
    <ignored/>
  </testcase> <!-- verifyuserabletoenterusingvalidusernameandinvalidpassword -->
</testsuite> <!-- ChromeTest -->
