<?xml version="1.0" encoding="UTF-8"?>
<!-- Generated by org.testng.reporters.JUnitXMLReporter -->
<testsuite ignored="3" hostname="L235" failures="0" tests="2" name="FirefoxTest" time="30.184" errors="0" timestamp="2026-01-22T10:09:52 IST">
  <testcase classname="testScript.ManageNewsTest" name="verifywhetheruserabletopublishmessage" time="4.477"/>
  <testcase classname="testScript.LoginTest" name="verifytheuserisabletologinthroghvalidcredentials" time="1.648"/>
  <testcase classname="testScript.LoginTest" name="verifytheuserisabletologinthroghvalidusernameandinvalidpwd" time="0.0">
    <ignored/>
  </testcase> <!-- verifytheuserisabletologinthroghvalidusernameandinvalidpwd -->
  <testcase classname="testScript.LoginTest" name="verifytheuserisabletologinthroghinvalidusernameandpwd" time="0.0">
    <ignored/>
  </testcase> <!-- verifytheuserisabletologinthroghinvalidusernameandpwd -->
  <testcase classname="testScript.LoginTest" name="verifytheuserisabletologinthroghinvalidusernameandvalidpwd" time="0.0">
    <ignored/>
  </testcase> <!-- verifytheuserisabletologinthroghinvalidusernameandvalidpwd -->
</testsuite> <!-- FirefoxTest -->
