<?xml version="1.0" encoding="UTF-8"?>
<!-- Generated by org.testng.reporters.JUnitXMLReporter -->
<testsuite ignored="0" hostname="L235" failures="0" tests="10" name="Test2" time="64.536" errors="0" timestamp="2026-02-01T10:35:42 IST">
  <testcase classname="testclass.ManageCategoryTest" name="verifyuserabletomanagecategorysuccessfully" time="3.823"/>
  <testcase classname="testclass.ManageFooterTest" name="verifyuserabletomanagefoootertext" time="1.8"/>
  <testcase classname="testclass.AdminUsersTest" name="verifyusercancreateadminusers" time="2.07"/>
  <testcase classname="testclass.ManageContactTest" name="verifyusercanupdatecontactinformation" time="3.669"/>
  <testcase classname="testclass.ManageNewsTestclass" name="verifuserabletopublishmessage" time="3.652"/>
  <testcase classname="testclass.LoginTestclass" name="verifywhetheruserisabletoenterusingvalidcredentials" time="1.108"/>
  <testcase classname="testclass.ManageNewsTestclass" name="verifylogoutbutton" time="1.652"/>
  <testcase classname="testclass.LoginTestclass" name="verifyuserabletoenterusinginvalidcredentials" time="1.135"/>
  <testcase classname="testclass.LoginTestclass" name="verifyuserabletoenterusingvalidusernameandinvalidpassword" time="1.041"/>
  <testcase classname="testclass.LoginTestclass" name="verifyuserabletoenterusinginvalidusernameandvalidpassword" time="0.746"/>
</testsuite> <!-- Test2 -->
