<?xml version="1.0" encoding="UTF-8"?>
<!-- Generated by org.testng.reporters.JUnitXMLReporter -->
<testsuite ignored="0" hostname="L235" failures="0" tests="10" name="Test1" time="64.041" errors="0" timestamp="2026-02-01T10:35:42 IST">
  <testcase classname="testclass.ManageCategoryTest" name="verifyuserabletomanagecategorysuccessfully" time="2.928"/>
  <testcase classname="testclass.ManageFooterTest" name="verifyuserabletomanagefoootertext" time="2.333"/>
  <testcase classname="testclass.AdminUsersTest" name="verifyusercancreateadminusers" time="3.827"/>
  <testcase classname="testclass.ManageContactTest" name="verifyusercanupdatecontactinformation" time="4.197"/>
  <testcase classname="testclass.ManageNewsTestclass" name="verifuserabletopublishmessage" time="3.346"/>
  <testcase classname="testclass.LoginTestclass" name="verifywhetheruserisabletoenterusingvalidcredentials" time="1.877"/>
  <testcase classname="testclass.ManageNewsTestclass" name="verifylogoutbutton" time="2.818"/>
  <testcase classname="testclass.LoginTestclass" name="verifyuserabletoenterusinginvalidcredentials" time="0.629"/>
  <testcase classname="testclass.LoginTestclass" name="verifyuserabletoenterusingvalidusernameandinvalidpassword" time="0.959"/>
  <testcase classname="testclass.LoginTestclass" name="verifyuserabletoenterusinginvalidusernameandvalidpassword" time="1.109"/>
</testsuite> <!-- Test1 -->
