<?xml version="1.0" encoding="UTF-8"?>
<!-- Generated by org.testng.reporters.JUnitXMLReporter -->
<testsuite ignored="0" hostname="L235" failures="0" tests="10" name="ChromeTest" time="68.511" errors="0" timestamp="2026-02-01T09:46:45 IST">
  <testcase classname="testclass.ManageCategoryTest" name="verifyuserabletomanagecategorysuccessfully" time="5.099"/>
  <testcase classname="testclass.ManageFooterTest" name="verifyuserabletomanagefoootertext" time="2.807"/>
  <testcase classname="testclass.AdminUsersTest" name="verifyusercancreateadminusers" time="2.923"/>
  <testcase classname="testclass.ManageContactTest" name="verifyusercanupdatecontactinformation" time="3.047"/>
  <testcase classname="testclass.ManageNewsTestclass" name="verifuserabletopublishmessage" time="2.234"/>
  <testcase classname="testclass.LoginTestclass" name="verifywhetheruserisabletoenterusingvalidcredentials" time="0.832"/>
  <testcase classname="testclass.ManageNewsTestclass" name="verifylogoutbutton" time="1.495"/>
  <testcase classname="testclass.LoginTestclass" name="verifyuserabletoenterusinginvalidcredentials" time="0.654"/>
  <testcase classname="testclass.LoginTestclass" name="verifyuserabletoenterusingvalidusernameandinvalidpassword" time="0.933"/>
  <testcase classname="testclass.LoginTestclass" name="verifyuserabletoenterusinginvalidusernameandvalidpassword" time="0.827"/>
</testsuite> <!-- ChromeTest -->
