<?xml version="1.0" encoding="UTF-8"?>
<!-- Generated by org.testng.reporters.JUnitXMLReporter -->
<testsuite ignored="0" hostname="L235" failures="0" tests="10" name="FirefoxTest" time="104.096" errors="0" timestamp="2026-02-01T09:47:20 IST">
  <testcase classname="testclass.ManageCategoryTest" name="verifyuserabletomanagecategorysuccessfully" time="3.494"/>
  <testcase classname="testclass.ManageFooterTest" name="verifyuserabletomanagefoootertext" time="3.461"/>
  <testcase classname="testclass.AdminUsersTest" name="verifyusercancreateadminusers" time="2.429"/>
  <testcase classname="testclass.ManageContactTest" name="verifyusercanupdatecontactinformation" time="1.929"/>
  <testcase classname="testclass.ManageNewsTestclass" name="verifuserabletopublishmessage" time="2.907"/>
  <testcase classname="testclass.LoginTestclass" name="verifywhetheruserisabletoenterusingvalidcredentials" time="0.828"/>
  <testcase classname="testclass.ManageNewsTestclass" name="verifylogoutbutton" time="1.285"/>
  <testcase classname="testclass.LoginTestclass" name="verifyuserabletoenterusinginvalidcredentials" time="0.521"/>
  <testcase classname="testclass.LoginTestclass" name="verifyuserabletoenterusingvalidusernameandinvalidpassword" time="0.467"/>
  <testcase classname="testclass.LoginTestclass" name="verifyuserabletoenterusinginvalidusernameandvalidpassword" time="0.381"/>
</testsuite> <!-- FirefoxTest -->
