<?xml version="1.0" encoding="UTF-8"?>
<!-- Generated by org.testng.reporters.JUnitXMLReporter -->
<testsuite ignored="3" hostname="L235" failures="1" tests="4" name="Test" time="22.714" errors="0" timestamp="2026-01-23T10:16:34 IST">
  <testcase classname="testScript.ManageNewsTest" name="verifywhetheruserabletopublishmessage" time="4.425"/>
  <testcase classname="testScript.LoginTest" name="verifytheuserisabletologinthroghvalidcredentials" time="0.072">
    <skipped/>
  </testcase> <!-- verifytheuserisabletologinthroghvalidcredentials -->
  <testcase classname="testScript.LoginTest" name="verifytheuserisabletologinthroghvalidcredentials" time="0.11">
    <skipped/>
  </testcase> <!-- verifytheuserisabletologinthroghvalidcredentials -->
  <testcase classname="testScript.LoginTest" name="verifytheuserisabletologinthroghvalidcredentials" time="0.115">
    <failure type="java.lang.NullPointerException" message="Cannot invoke &amp;quot;org.apache.poi.xssf.usermodel.XSSFSheet.getRow(int)&amp;quot; because &amp;quot;utilities.ExcelUtility.sh&amp;quot; is null">
      <![CDATA[java.lang.NullPointerException: Cannot invoke "org.apache.poi.xssf.usermodel.XSSFSheet.getRow(int)" because "utilities.ExcelUtility.sh" is null
at utilities.ExcelUtility.readStringData(ExcelUtility.java:25)
at testScript.LoginTest.verifytheuserisabletologinthroghvalidcredentials(LoginTest.java:19)
at java.base/java.util.ArrayList.forEach(ArrayList.java:1511)
... Removed 27 stack frames]]>
    </failure>
  </testcase> <!-- verifytheuserisabletologinthroghvalidcredentials -->
  <testcase classname="testScript.LoginTest" name="verifytheuserisabletologinthroghvalidusernameandinvalidpwd" time="0.0">
    <ignored/>
  </testcase> <!-- verifytheuserisabletologinthroghvalidusernameandinvalidpwd -->
  <testcase classname="testScript.LoginTest" name="verifytheuserisabletologinthroghinvalidusernameandpwd" time="0.0">
    <ignored/>
  </testcase> <!-- verifytheuserisabletologinthroghinvalidusernameandpwd -->
  <testcase classname="testScript.LoginTest" name="verifytheuserisabletologinthroghinvalidusernameandvalidpwd" time="0.0">
    <ignored/>
  </testcase> <!-- verifytheuserisabletologinthroghinvalidusernameandvalidpwd -->
</testsuite> <!-- Test -->
