<?xml version="1.0" encoding="UTF-8"?>
<!-- Generated by org.testng.reporters.JUnitXMLReporter -->
<testsuite ignored="0" hostname="L235" failures="0" tests="5" name="ChromeTest" time="41.715" errors="0" timestamp="2026-01-22T10:28:15 IST">
  <testcase classname="testScript.LoginTest" name="verifytheuserisabletologinthroghvalidcredentials" time="3.81"/>
  <testcase classname="testScript.LoginTest" name="verifytheuserisabletologinthroghinvalidusernameandpwd" time="2.204"/>
  <testcase classname="testScript.ManageNewsTest" name="verifywhetheruserabletopublishmessage" time="6.118"/>
  <testcase classname="testScript.LoginTest" name="verifytheuserisabletologinthroghinvalidusernameandvalidpwd" time="1.825"/>
  <testcase classname="testScript.LoginTest" name="verifytheuserisabletologinthroghvalidusernameandinvalidpwd" time="2.997"/>
</testsuite> <!-- ChromeTest -->
